<?xml version="1.0" encoding="UTF-8"?>
<testng-results ignored="0" total="2" passed="2" failed="0" skipped="0">
  <reporter-output>
  </reporter-output>
  <suite started-at="2023-04-05T17:37:08 IST" name="Suite" finished-at="2023-04-05T17:37:09 IST" duration-ms="554">
    <groups>
    </groups>
    <test started-at="2023-04-05T17:37:08 IST" name="Test" finished-at="2023-04-05T17:37:09 IST" duration-ms="554">
      <class name="com.teradici.basePkg.TC1">
        <test-method is-config="true" signature="beforeTest()[pri:0, instance:com.teradici.basePkg.TC1@29d89d5d]" started-at="2023-04-05T17:37:08 IST" name="beforeTest" finished-at="2023-04-05T17:37:08 IST" duration-ms="39" status="PASS">
          <reporter-output>
          </reporter-output>
        </test-method> <!-- beforeTest -->
        <test-method is-config="true" signature="beforeClass()[pri:0, instance:com.teradici.basePkg.TC1@29d89d5d]" started-at="2023-04-05T17:37:08 IST" name="beforeClass" finished-at="2023-04-05T17:37:08 IST" duration-ms="1" status="PASS">
          <reporter-output>
          </reporter-output>
        </test-method> <!-- beforeClass -->
        <test-method is-config="true" signature="beforeMethod()[pri:0, instance:com.teradici.basePkg.TC1@29d89d5d]" started-at="2023-04-05T17:37:08 IST" name="beforeMethod" finished-at="2023-04-05T17:37:08 IST" duration-ms="1" status="PASS">
          <reporter-output>
          </reporter-output>
        </test-method> <!-- beforeMethod -->
        <test-method signature="test2()[pri:0, instance:com.teradici.basePkg.TC1@29d89d5d]" started-at="2023-04-05T17:37:08 IST" name="test2" finished-at="2023-04-05T17:37:09 IST" duration-ms="356" status="PASS">
          <reporter-output>
          </reporter-output>
        </test-method> <!-- test2 -->
        <test-method is-config="true" signature="AfterMethod()[pri:0, instance:com.teradici.basePkg.TC1@29d89d5d]" started-at="2023-04-05T17:37:09 IST" name="AfterMethod" finished-at="2023-04-05T17:37:09 IST" duration-ms="2" status="PASS">
          <reporter-output>
          </reporter-output>
        </test-method> <!-- AfterMethod -->
        <test-method is-config="true" signature="beforeMethod()[pri:0, instance:com.teradici.basePkg.TC1@29d89d5d]" started-at="2023-04-05T17:37:09 IST" name="beforeMethod" finished-at="2023-04-05T17:37:09 IST" duration-ms="1" status="PASS">
          <reporter-output>
          </reporter-output>
        </test-method> <!-- beforeMethod -->
        <test-method signature="test1()[pri:1, instance:com.teradici.basePkg.TC1@29d89d5d]" started-at="2023-04-05T17:37:09 IST" name="test1" finished-at="2023-04-05T17:37:09 IST" duration-ms="2" status="PASS">
          <reporter-output>
          </reporter-output>
        </test-method> <!-- test1 -->
        <test-method is-config="true" signature="AfterMethod()[pri:0, instance:com.teradici.basePkg.TC1@29d89d5d]" started-at="2023-04-05T17:37:09 IST" name="AfterMethod" finished-at="2023-04-05T17:37:09 IST" duration-ms="1" status="PASS">
          <reporter-output>
          </reporter-output>
        </test-method> <!-- AfterMethod -->
        <test-method is-config="true" signature="AfterClass()[pri:0, instance:com.teradici.basePkg.TC1@29d89d5d]" started-at="2023-04-05T17:37:09 IST" name="AfterClass" finished-at="2023-04-05T17:37:09 IST" duration-ms="0" status="PASS">
          <reporter-output>
          </reporter-output>
        </test-method> <!-- AfterClass -->
        <test-method is-config="true" signature="AfterTest()[pri:0, instance:com.teradici.basePkg.TC1@29d89d5d]" started-at="2023-04-05T17:37:09 IST" name="AfterTest" finished-at="2023-04-05T17:37:09 IST" duration-ms="3" status="PASS">
          <reporter-output>
          </reporter-output>
        </test-method> <!-- AfterTest -->
      </class> <!-- com.teradici.basePkg.TC1 -->
    </test> <!-- Test -->
  </suite> <!-- Suite -->
</testng-results>
